<?xml version="1.0" encoding="UTF-8"?>
<!-- Generated by org.testng.reporters.JUnitXMLReporter -->
<testsuite ignored="1" hostname="LAPTOP-VNBA3OG5" failures="0" tests="1" name="Default test" time="0.08" errors="0" timestamp="2021-09-25T17:59:45 CDT">
  <testcase classname="ReplaceADigitWithAnother._ReplaceADigitWithAnother.ReplaceADigitWithAnother" name="t2" time="0.013"/>
  <testcase classname="ReplaceADigitWithAnother._ReplaceADigitWithAnother.ReplaceADigitWithAnother" name="t1" time="0.0">
    <ignored/>
  </testcase> <!-- t1 -->
</testsuite> <!-- Default test -->
