<?xml version="1.0" encoding="UTF-8"?>
<testng-results ignored="1" total="2" passed="1" failed="0" skipped="0">
  <reporter-output>
  </reporter-output>
  <suite started-at="2021-09-25T17:59:45 CDT" name="Default suite" finished-at="2021-09-25T17:59:45 CDT" duration-ms="80">
    <groups>
    </groups>
    <test started-at="2021-09-25T17:59:45 CDT" name="Default test" finished-at="2021-09-25T17:59:45 CDT" duration-ms="80">
      <class name="ReplaceADigitWithAnother._ReplaceADigitWithAnother.ReplaceADigitWithAnother">
        <test-method signature="t2()[pri:0, instance:ReplaceADigitWithAnother._ReplaceADigitWithAnother.ReplaceADigitWithAnother@48ae9b55]" started-at="2021-09-25T17:59:45 CDT" name="t2" finished-at="2021-09-25T17:59:45 CDT" duration-ms="13" status="PASS">
          <reporter-output>
          </reporter-output>
        </test-method> <!-- t2 -->
      </class> <!-- ReplaceADigitWithAnother._ReplaceADigitWithAnother.ReplaceADigitWithAnother -->
    </test> <!-- Default test -->
  </suite> <!-- Default suite -->
</testng-results>
